2026-07-18 15:24:21 [info]: Prisma client initialized
2026-07-18 15:24:22 [info]: Created upload directory: D:\Projects\ems-assignment\server\uploads
2026-07-18 15:24:22 [info]: Created upload directory: D:\Projects\ems-assignment\server\uploads\profiles
2026-07-18 15:24:22 [info]: 🚀 EMS Server running on http://localhost:5000
2026-07-18 15:24:22 [info]: 📝 Environment: development
2026-07-18 15:34:55 [info]: Prisma client initialized
2026-07-18 15:34:56 [info]: 🚀 EMS Server running on http://localhost:5000
2026-07-18 15:34:56 [info]: 📝 Environment: development
2026-07-18 15:35:05 [info]: Prisma client initialized
2026-07-18 15:35:05 [info]: 🚀 EMS Server running on http://localhost:5000
2026-07-18 15:35:05 [info]: 📝 Environment: development
2026-07-18 15:35:35 [info]: Prisma client initialized
2026-07-18 15:35:35 [info]: 🚀 EMS Server running on http://localhost:5000
2026-07-18 15:35:35 [info]: 📝 Environment: development
2026-07-18 15:35:59 [info]: POST /api/auth/login
2026-07-18 15:36:01 [debug]: Query: SELECT "public"."User"."id", "public"."User"."email", "public"."User"."password", "public"."User"."role"::text, "public"."User"."isActive", "public"."User"."createdAt", "public"."User"."updatedAt" FROM "public"."User" WHERE ("public"."User"."email" = $1 AND 1=1) LIMIT $2 OFFSET $3 — Duration: 164ms
2026-07-18 15:36:02 [debug]: Query: INSERT INTO "public"."RefreshToken" ("id","token","userId","expiresAt","createdAt") VALUES ($1,$2,$3,$4,$5) RETURNING "public"."RefreshToken"."id", "public"."RefreshToken"."token", "public"."RefreshToken"."userId", "public"."RefreshToken"."expiresAt", "public"."RefreshToken"."createdAt" — Duration: 156ms
2026-07-18 15:36:02 [info]: User logged in: admin@ems.com
2026-07-18 15:36:02 [info]: GET /api/auth/me
2026-07-18 15:36:02 [debug]: Query: SELECT "public"."User"."id", "public"."User"."email", "public"."User"."role"::text, "public"."User"."isActive" FROM "public"."User" WHERE ("public"."User"."id" = $1 AND 1=1) LIMIT $2 OFFSET $3 — Duration: 133ms
2026-07-18 15:36:02 [debug]: Query: SELECT "public"."Employee"."id", "public"."Employee"."employeeId", "public"."Employee"."userId", "public"."Employee"."firstName", "public"."Employee"."lastName", "public"."Employee"."phone", "public"."Employee"."designation", "public"."Employee"."salary", "public"."Employee"."joiningDate", "public"."Employee"."status"::text, "public"."Employee"."profileImage", "public"."Employee"."departmentId", "public"."Employee"."managerId", "public"."Employee"."isDeleted", "public"."Employee"."deletedAt", "public"."Employee"."createdAt", "public"."Employee"."updatedAt", COALESCE("aggr_selection_0_Employee"."_aggr_count_reportees", 0) AS "_aggr_count_reportees" FROM "public"."Employee" LEFT JOIN (SELECT "public"."Employee"."managerId", COUNT(*) AS "_aggr_count_reportees" FROM "public"."Employee" WHERE 1=1 GROUP BY "public"."Employee"."managerId") AS "aggr_selection_0_Employee" ON ("public"."Employee"."id" = "aggr_selection_0_Employee"."managerId") WHERE ("public"."Employee"."userId" = $1 AND "public"."Employee"."isDeleted" = $2) LIMIT $3 OFFSET $4 — Duration: 160ms
2026-07-18 15:36:02 [debug]: Query: SELECT "public"."User"."id", "public"."User"."email", "public"."User"."role"::text FROM "public"."User" WHERE "public"."User"."id" IN ($1) OFFSET $2 — Duration: 131ms
2026-07-18 15:36:02 [debug]: Query: SELECT "public"."Department"."id", "public"."Department"."name" FROM "public"."Department" WHERE "public"."Department"."id" IN ($1) OFFSET $2 — Duration: 139ms
2026-07-18 15:36:07 [info]: POST /api/auth/login
2026-07-18 15:36:07 [debug]: Query: SELECT "public"."User"."id", "public"."User"."email", "public"."User"."password", "public"."User"."role"::text, "public"."User"."isActive", "public"."User"."createdAt", "public"."User"."updatedAt" FROM "public"."User" WHERE ("public"."User"."email" = $1 AND 1=1) LIMIT $2 OFFSET $3 — Duration: 67ms
2026-07-18 15:36:08 [debug]: Query: INSERT INTO "public"."RefreshToken" ("id","token","userId","expiresAt","createdAt") VALUES ($1,$2,$3,$4,$5) RETURNING "public"."RefreshToken"."id", "public"."RefreshToken"."token", "public"."RefreshToken"."userId", "public"."RefreshToken"."expiresAt", "public"."RefreshToken"."createdAt" — Duration: 67ms
2026-07-18 15:36:08 [info]: User logged in: admin@ems.com
2026-07-18 15:36:08 [info]: GET /api/auth/me
2026-07-18 15:36:08 [debug]: Query: SELECT "public"."User"."id", "public"."User"."email", "public"."User"."role"::text, "public"."User"."isActive" FROM "public"."User" WHERE ("public"."User"."id" = $1 AND 1=1) LIMIT $2 OFFSET $3 — Duration: 66ms
2026-07-18 15:36:08 [debug]: Query: SELECT "public"."Employee"."id", "public"."Employee"."employeeId", "public"."Employee"."userId", "public"."Employee"."firstName", "public"."Employee"."lastName", "public"."Employee"."phone", "public"."Employee"."designation", "public"."Employee"."salary", "public"."Employee"."joiningDate", "public"."Employee"."status"::text, "public"."Employee"."profileImage", "public"."Employee"."departmentId", "public"."Employee"."managerId", "public"."Employee"."isDeleted", "public"."Employee"."deletedAt", "public"."Employee"."createdAt", "public"."Employee"."updatedAt", COALESCE("aggr_selection_0_Employee"."_aggr_count_reportees", 0) AS "_aggr_count_reportees" FROM "public"."Employee" LEFT JOIN (SELECT "public"."Employee"."managerId", COUNT(*) AS "_aggr_count_reportees" FROM "public"."Employee" WHERE 1=1 GROUP BY "public"."Employee"."managerId") AS "aggr_selection_0_Employee" ON ("public"."Employee"."id" = "aggr_selection_0_Employee"."managerId") WHERE ("public"."Employee"."userId" = $1 AND "public"."Employee"."isDeleted" = $2) LIMIT $3 OFFSET $4 — Duration: 66ms
2026-07-18 15:36:08 [debug]: Query: SELECT "public"."User"."id", "public"."User"."email", "public"."User"."role"::text FROM "public"."User" WHERE "public"."User"."id" IN ($1) OFFSET $2 — Duration: 66ms
2026-07-18 15:36:08 [debug]: Query: SELECT "public"."Department"."id", "public"."Department"."name" FROM "public"."Department" WHERE "public"."Department"."id" IN ($1) OFFSET $2 — Duration: 66ms
2026-07-18 15:36:08 [info]: GET /api/dashboard/stats
2026-07-18 15:36:09 [debug]: Query: SELECT "public"."User"."id", "public"."User"."email", "public"."User"."role"::text, "public"."User"."isActive" FROM "public"."User" WHERE ("public"."User"."id" = $1 AND 1=1) LIMIT $2 OFFSET $3 — Duration: 75ms
2026-07-18 15:36:09 [debug]: Query: SELECT "public"."Department"."id", "public"."Department"."name", COALESCE("aggr_selection_0_Employee"."_aggr_count_employees", 0) AS "_aggr_count_employees" FROM "public"."Department" LEFT JOIN (SELECT "public"."Employee"."departmentId", COUNT(*) AS "_aggr_count_employees" FROM "public"."Employee" WHERE "public"."Employee"."isDeleted" = $1 GROUP BY "public"."Employee"."departmentId") AS "aggr_selection_0_Employee" ON ("public"."Department"."id" = "aggr_selection_0_Employee"."departmentId") WHERE 1=1 OFFSET $2 — Duration: 133ms
2026-07-18 15:36:09 [debug]: Query: SELECT COUNT(*) FROM (SELECT "public"."Department"."id" FROM "public"."Department" WHERE 1=1 OFFSET $1) AS "sub" — Duration: 126ms
2026-07-18 15:36:09 [debug]: Query: SELECT COUNT("public"."User"."role"), "public"."User"."role"::text FROM "public"."User" LEFT JOIN "public"."Employee" AS "j1" ON ("j1"."userId") = ("public"."User"."id") WHERE ("j1"."isDeleted" = $1 AND ("j1"."id" IS NOT NULL)) GROUP BY "public"."User"."role" OFFSET $2 — Duration: 129ms
2026-07-18 15:36:09 [debug]: Query: SELECT COUNT(*) FROM (SELECT "public"."Employee"."id" FROM "public"."Employee" WHERE "public"."Employee"."isDeleted" = $1 OFFSET $2) AS "sub" — Duration: 130ms
2026-07-18 15:36:09 [debug]: Query: SELECT "public"."Employee"."id", "public"."Employee"."employeeId", "public"."Employee"."userId", "public"."Employee"."firstName", "public"."Employee"."lastName", "public"."Employee"."phone", "public"."Employee"."designation", "public"."Employee"."salary", "public"."Employee"."joiningDate", "public"."Employee"."status"::text, "public"."Employee"."profileImage", "public"."Employee"."departmentId", "public"."Employee"."managerId", "public"."Employee"."isDeleted", "public"."Employee"."deletedAt", "public"."Employee"."createdAt", "public"."Employee"."updatedAt", COALESCE("aggr_selection_0_Employee"."_aggr_count_reportees", 0) AS "_aggr_count_reportees" FROM "public"."Employee" LEFT JOIN (SELECT "public"."Employee"."managerId", COUNT(*) AS "_aggr_count_reportees" FROM "public"."Employee" WHERE 1=1 GROUP BY "public"."Employee"."managerId") AS "aggr_selection_0_Employee" ON ("public"."Employee"."id" = "aggr_selection_0_Employee"."managerId") WHERE "public"."Employee"."isDeleted" = $1 ORDER BY "public"."Employee"."joiningDate" DESC LIMIT $2 OFFSET $3 — Duration: 131ms
2026-07-18 15:36:09 [debug]: Query: SELECT COUNT(*) FROM (SELECT "public"."Employee"."id" FROM "public"."Employee" WHERE ("public"."Employee"."isDeleted" = $1 AND "public"."Employee"."status" = CAST($2::text AS "public"."EmployeeStatus")) OFFSET $3) AS "sub" — Duration: 144ms
2026-07-18 15:36:09 [debug]: Query: SELECT COUNT(*) FROM (SELECT "public"."Employee"."id" FROM "public"."Employee" WHERE ("public"."Employee"."isDeleted" = $1 AND "public"."Employee"."status" = CAST($2::text AS "public"."EmployeeStatus")) OFFSET $3) AS "sub" — Duration: 145ms
2026-07-18 15:36:09 [debug]: Query: SELECT "public"."User"."id", "public"."User"."email", "public"."User"."role"::text FROM "public"."User" WHERE "public"."User"."id" IN ($1,$2,$3,$4,$5) OFFSET $6 — Duration: 129ms
2026-07-18 15:36:09 [debug]: Query: SELECT "public"."Department"."id", "public"."Department"."name" FROM "public"."Department" WHERE "public"."Department"."id" IN ($1,$2,$3,$4) OFFSET $5 — Duration: 129ms
2026-07-18 15:36:10 [debug]: Query: SELECT "public"."Employee"."id", "public"."Employee"."firstName", "public"."Employee"."lastName" FROM "public"."Employee" WHERE "public"."Employee"."id" IN ($1,$2,$3,$4) OFFSET $5 — Duration: 131ms
2026-07-18 15:36:10 [debug]: Query: SELECT COUNT("public"."Employee"."id"), "public"."Employee"."joiningDate" FROM "public"."Employee" WHERE ("public"."Employee"."isDeleted" = $1 AND "public"."Employee"."joiningDate" >= $2) GROUP BY "public"."Employee"."joiningDate" OFFSET $3 — Duration: 143ms
2026-07-18 15:36:10 [info]: GET /api/dashboard/stats
2026-07-18 15:36:10 [debug]: Query: SELECT "public"."User"."id", "public"."User"."email", "public"."User"."role"::text, "public"."User"."isActive" FROM "public"."User" WHERE ("public"."User"."id" = $1 AND 1=1) LIMIT $2 OFFSET $3 — Duration: 130ms
2026-07-18 15:36:10 [debug]: Query: SELECT COUNT(*) FROM (SELECT "public"."Employee"."id" FROM "public"."Employee" WHERE ("public"."Employee"."isDeleted" = $1 AND "public"."Employee"."status" = CAST($2::text AS "public"."EmployeeStatus")) OFFSET $3) AS "sub" — Duration: 67ms
2026-07-18 15:36:10 [debug]: Query: SELECT COUNT(*) FROM (SELECT "public"."Department"."id" FROM "public"."Department" WHERE 1=1 OFFSET $1) AS "sub" — Duration: 126ms
2026-07-18 15:36:10 [debug]: Query: SELECT "public"."Employee"."id", "public"."Employee"."employeeId", "public"."Employee"."userId", "public"."Employee"."firstName", "public"."Employee"."lastName", "public"."Employee"."phone", "public"."Employee"."designation", "public"."Employee"."salary", "public"."Employee"."joiningDate", "public"."Employee"."status"::text, "public"."Employee"."profileImage", "public"."Employee"."departmentId", "public"."Employee"."managerId", "public"."Employee"."isDeleted", "public"."Employee"."deletedAt", "public"."Employee"."createdAt", "public"."Employee"."updatedAt", COALESCE("aggr_selection_0_Employee"."_aggr_count_reportees", 0) AS "_aggr_count_reportees" FROM "public"."Employee" LEFT JOIN (SELECT "public"."Employee"."managerId", COUNT(*) AS "_aggr_count_reportees" FROM "public"."Employee" WHERE 1=1 GROUP BY "public"."Employee"."managerId") AS "aggr_selection_0_Employee" ON ("public"."Employee"."id" = "aggr_selection_0_Employee"."managerId") WHERE "public"."Employee"."isDeleted" = $1 ORDER BY "public"."Employee"."joiningDate" DESC LIMIT $2 OFFSET $3 — Duration: 129ms
2026-07-18 15:36:10 [debug]: Query: SELECT COUNT(*) FROM (SELECT "public"."Employee"."id" FROM "public"."Employee" WHERE ("public"."Employee"."isDeleted" = $1 AND "public"."Employee"."status" = CAST($2::text AS "public"."EmployeeStatus")) OFFSET $3) AS "sub" — Duration: 130ms
2026-07-18 15:36:10 [debug]: Query: SELECT COUNT(*) FROM (SELECT "public"."Employee"."id" FROM "public"."Employee" WHERE "public"."Employee"."isDeleted" = $1 OFFSET $2) AS "sub" — Duration: 130ms
2026-07-18 15:36:10 [debug]: Query: SELECT "public"."Department"."id", "public"."Department"."name", COALESCE("aggr_selection_0_Employee"."_aggr_count_employees", 0) AS "_aggr_count_employees" FROM "public"."Department" LEFT JOIN (SELECT "public"."Employee"."departmentId", COUNT(*) AS "_aggr_count_employees" FROM "public"."Employee" WHERE "public"."Employee"."isDeleted" = $1 GROUP BY "public"."Employee"."departmentId") AS "aggr_selection_0_Employee" ON ("public"."Department"."id" = "aggr_selection_0_Employee"."departmentId") WHERE 1=1 OFFSET $2 — Duration: 133ms
2026-07-18 15:36:10 [debug]: Query: SELECT COUNT("public"."User"."role"), "public"."User"."role"::text FROM "public"."User" LEFT JOIN "public"."Employee" AS "j1" ON ("j1"."userId") = ("public"."User"."id") WHERE ("j1"."isDeleted" = $1 AND ("j1"."id" IS NOT NULL)) GROUP BY "public"."User"."role" OFFSET $2 — Duration: 134ms
2026-07-18 15:36:10 [debug]: Query: SELECT "public"."User"."id", "public"."User"."email", "public"."User"."role"::text FROM "public"."User" WHERE "public"."User"."id" IN ($1,$2,$3,$4,$5) OFFSET $6 — Duration: 129ms
2026-07-18 15:36:10 [debug]: Query: SELECT "public"."Department"."id", "public"."Department"."name" FROM "public"."Department" WHERE "public"."Department"."id" IN ($1,$2,$3,$4) OFFSET $5 — Duration: 127ms
2026-07-18 15:36:10 [debug]: Query: SELECT "public"."Employee"."id", "public"."Employee"."firstName", "public"."Employee"."lastName" FROM "public"."Employee" WHERE "public"."Employee"."id" IN ($1,$2,$3,$4) OFFSET $5 — Duration: 125ms
2026-07-18 15:36:11 [debug]: Query: SELECT COUNT("public"."Employee"."id"), "public"."Employee"."joiningDate" FROM "public"."Employee" WHERE ("public"."Employee"."isDeleted" = $1 AND "public"."Employee"."joiningDate" >= $2) GROUP BY "public"."Employee"."joiningDate" OFFSET $3 — Duration: 126ms
2026-07-18 15:36:19 [info]: GET /api/employees
2026-07-18 15:36:19 [info]: GET /api/departments
2026-07-18 15:36:19 [debug]: Query: SELECT 1 — Duration: 68ms
2026-07-18 15:36:19 [debug]: Query: SELECT "public"."User"."id", "public"."User"."email", "public"."User"."role"::text, "public"."User"."isActive" FROM "public"."User" WHERE ("public"."User"."id" = $1 AND 1=1) LIMIT $2 OFFSET $3 — Duration: 127ms
2026-07-18 15:36:19 [debug]: Query: SELECT "public"."User"."id", "public"."User"."email", "public"."User"."role"::text, "public"."User"."isActive" FROM "public"."User" WHERE ("public"."User"."id" = $1 AND 1=1) LIMIT $2 OFFSET $3 — Duration: 67ms
2026-07-18 15:36:19 [debug]: Query: SELECT COUNT(*) FROM (SELECT "public"."Employee"."id" FROM "public"."Employee" WHERE "public"."Employee"."isDeleted" = $1 OFFSET $2) AS "sub" — Duration: 128ms
2026-07-18 15:36:19 [debug]: Query: SELECT "public"."Employee"."id", "public"."Employee"."employeeId", "public"."Employee"."userId", "public"."Employee"."firstName", "public"."Employee"."lastName", "public"."Employee"."phone", "public"."Employee"."designation", "public"."Employee"."salary", "public"."Employee"."joiningDate", "public"."Employee"."status"::text, "public"."Employee"."profileImage", "public"."Employee"."departmentId", "public"."Employee"."managerId", "public"."Employee"."isDeleted", "public"."Employee"."deletedAt", "public"."Employee"."createdAt", "public"."Employee"."updatedAt", COALESCE("aggr_selection_0_Employee"."_aggr_count_reportees", 0) AS "_aggr_count_reportees" FROM "public"."Employee" LEFT JOIN (SELECT "public"."Employee"."managerId", COUNT(*) AS "_aggr_count_reportees" FROM "public"."Employee" WHERE 1=1 GROUP BY "public"."Employee"."managerId") AS "aggr_selection_0_Employee" ON ("public"."Employee"."id" = "aggr_selection_0_Employee"."managerId") WHERE "public"."Employee"."isDeleted" = $1 ORDER BY "public"."Employee"."createdAt" DESC LIMIT $2 OFFSET $3 — Duration: 132ms
2026-07-18 15:36:19 [debug]: Query: SELECT "public"."Department"."id", "public"."Department"."name", "public"."Department"."description", "public"."Department"."headId", "public"."Department"."createdAt", "public"."Department"."updatedAt" FROM "public"."Department" WHERE 1=1 ORDER BY "public"."Department"."name" ASC OFFSET $1 — Duration: 132ms
2026-07-18 15:36:19 [info]: GET /api/departments
2026-07-18 15:36:19 [debug]: Query: SELECT "public"."User"."id", "public"."User"."email", "public"."User"."role"::text, "public"."User"."isActive" FROM "public"."User" WHERE ("public"."User"."id" = $1 AND 1=1) LIMIT $2 OFFSET $3 — Duration: 68ms
2026-07-18 15:36:19 [debug]: Query: SELECT "public"."User"."id", "public"."User"."email", "public"."User"."role"::text FROM "public"."User" WHERE "public"."User"."id" IN ($1,$2,$3,$4,$5,$6,$7,$8,$9,$10) OFFSET $11 — Duration: 142ms
2026-07-18 15:36:19 [debug]: Query: SELECT "public"."Department"."id", "public"."Department"."name", "public"."Department"."description", "public"."Department"."headId", "public"."Department"."createdAt", "public"."Department"."updatedAt" FROM "public"."Department" WHERE 1=1 ORDER BY "public"."Department"."name" ASC OFFSET $1 — Duration: 68ms
2026-07-18 15:36:19 [debug]: Query: SELECT "public"."Department"."id", "public"."Department"."name" FROM "public"."Department" WHERE "public"."Department"."id" IN ($1,$2,$3,$4,$5) OFFSET $6 — Duration: 140ms
2026-07-18 15:36:19 [debug]: Query: SELECT "public"."Employee"."id", "public"."Employee"."firstName", "public"."Employee"."lastName" FROM "public"."Employee" WHERE "public"."Employee"."id" IN ($1,$2,$3,$4,$5) OFFSET $6 — Duration: 131ms
2026-07-18 15:36:19 [info]: GET /api/employees
2026-07-18 15:36:19 [debug]: Query: SELECT "public"."User"."id", "public"."User"."email", "public"."User"."role"::text, "public"."User"."isActive" FROM "public"."User" WHERE ("public"."User"."id" = $1 AND 1=1) LIMIT $2 OFFSET $3 — Duration: 131ms
2026-07-18 15:36:20 [debug]: Query: SELECT "public"."Employee"."id", "public"."Employee"."employeeId", "public"."Employee"."userId", "public"."Employee"."firstName", "public"."Employee"."lastName", "public"."Employee"."phone", "public"."Employee"."designation", "public"."Employee"."salary", "public"."Employee"."joiningDate", "public"."Employee"."status"::text, "public"."Employee"."profileImage", "public"."Employee"."departmentId", "public"."Employee"."managerId", "public"."Employee"."isDeleted", "public"."Employee"."deletedAt", "public"."Employee"."createdAt", "public"."Employee"."updatedAt", COALESCE("aggr_selection_0_Employee"."_aggr_count_reportees", 0) AS "_aggr_count_reportees" FROM "public"."Employee" LEFT JOIN (SELECT "public"."Employee"."managerId", COUNT(*) AS "_aggr_count_reportees" FROM "public"."Employee" WHERE 1=1 GROUP BY "public"."Employee"."managerId") AS "aggr_selection_0_Employee" ON ("public"."Employee"."id" = "aggr_selection_0_Employee"."managerId") WHERE "public"."Employee"."isDeleted" = $1 ORDER BY "public"."Employee"."createdAt" DESC LIMIT $2 OFFSET $3 — Duration: 66ms
2026-07-18 15:36:20 [debug]: Query: SELECT COUNT(*) FROM (SELECT "public"."Employee"."id" FROM "public"."Employee" WHERE "public"."Employee"."isDeleted" = $1 OFFSET $2) AS "sub" — Duration: 132ms
2026-07-18 15:36:20 [debug]: Query: SELECT "public"."User"."id", "public"."User"."email", "public"."User"."role"::text FROM "public"."User" WHERE "public"."User"."id" IN ($1,$2,$3,$4,$5,$6,$7,$8,$9,$10) OFFSET $11 — Duration: 65ms
2026-07-18 15:36:20 [debug]: Query: SELECT "public"."Department"."id", "public"."Department"."name" FROM "public"."Department" WHERE "public"."Department"."id" IN ($1,$2,$3,$4,$5) OFFSET $6 — Duration: 66ms
2026-07-18 15:36:20 [debug]: Query: SELECT "public"."Employee"."id", "public"."Employee"."firstName", "public"."Employee"."lastName" FROM "public"."Employee" WHERE "public"."Employee"."id" IN ($1,$2,$3,$4,$5) OFFSET $6 — Duration: 65ms
2026-07-18 15:36:22 [info]: GET /api/employees
2026-07-18 15:36:23 [debug]: Query: SELECT "public"."User"."id", "public"."User"."email", "public"."User"."role"::text, "public"."User"."isActive" FROM "public"."User" WHERE ("public"."User"."id" = $1 AND 1=1) LIMIT $2 OFFSET $3 — Duration: 66ms
2026-07-18 15:36:23 [debug]: Query: SELECT COUNT(*) FROM (SELECT "public"."Employee"."id" FROM "public"."Employee" WHERE "public"."Employee"."isDeleted" = $1 OFFSET $2) AS "sub" — Duration: 67ms
2026-07-18 15:36:23 [debug]: Query: SELECT "public"."Employee"."id", "public"."Employee"."employeeId", "public"."Employee"."userId", "public"."Employee"."firstName", "public"."Employee"."lastName", "public"."Employee"."phone", "public"."Employee"."designation", "public"."Employee"."salary", "public"."Employee"."joiningDate", "public"."Employee"."status"::text, "public"."Employee"."profileImage", "public"."Employee"."departmentId", "public"."Employee"."managerId", "public"."Employee"."isDeleted", "public"."Employee"."deletedAt", "public"."Employee"."createdAt", "public"."Employee"."updatedAt", COALESCE("aggr_selection_0_Employee"."_aggr_count_reportees", 0) AS "_aggr_count_reportees" FROM "public"."Employee" LEFT JOIN (SELECT "public"."Employee"."managerId", COUNT(*) AS "_aggr_count_reportees" FROM "public"."Employee" WHERE 1=1 GROUP BY "public"."Employee"."managerId") AS "aggr_selection_0_Employee" ON ("public"."Employee"."id" = "aggr_selection_0_Employee"."managerId") WHERE "public"."Employee"."isDeleted" = $1 ORDER BY "public"."Employee"."createdAt" DESC LIMIT $2 OFFSET $3 — Duration: 148ms
2026-07-18 15:36:23 [debug]: Query: SELECT "public"."User"."id", "public"."User"."email", "public"."User"."role"::text FROM "public"."User" WHERE "public"."User"."id" IN ($1,$2,$3,$4,$5,$6) OFFSET $7 — Duration: 135ms
2026-07-18 15:36:23 [debug]: Query: SELECT "public"."Department"."id", "public"."Department"."name" FROM "public"."Department" WHERE "public"."Department"."id" IN ($1,$2,$3,$4) OFFSET $5 — Duration: 135ms
2026-07-18 15:36:23 [debug]: Query: SELECT "public"."Employee"."id", "public"."Employee"."firstName", "public"."Employee"."lastName" FROM "public"."Employee" WHERE "public"."Employee"."id" IN ($1,$2) OFFSET $3 — Duration: 133ms
2026-07-18 15:36:29 [info]: Prisma client initialized
2026-07-18 15:36:30 [info]: 🚀 EMS Server running on http://localhost:5000
2026-07-18 15:36:30 [info]: 📝 Environment: development
2026-07-18 15:36:32 [info]: GET /api/organization/tree
2026-07-18 15:36:32 [debug]: Query: SELECT "public"."User"."id", "public"."User"."email", "public"."User"."role"::text, "public"."User"."isActive" FROM "public"."User" WHERE ("public"."User"."id" = $1 AND 1=1) LIMIT $2 OFFSET $3 — Duration: 140ms
2026-07-18 15:36:32 [debug]: Query: SELECT "public"."Employee"."id", "public"."Employee"."employeeId", "public"."Employee"."userId", "public"."Employee"."firstName", "public"."Employee"."lastName", "public"."Employee"."phone", "public"."Employee"."designation", "public"."Employee"."salary", "public"."Employee"."joiningDate", "public"."Employee"."status"::text, "public"."Employee"."profileImage", "public"."Employee"."departmentId", "public"."Employee"."managerId", "public"."Employee"."isDeleted", "public"."Employee"."deletedAt", "public"."Employee"."createdAt", "public"."Employee"."updatedAt", COALESCE("aggr_selection_0_Employee"."_aggr_count_reportees", 0) AS "_aggr_count_reportees" FROM "public"."Employee" LEFT JOIN (SELECT "public"."Employee"."managerId", COUNT(*) AS "_aggr_count_reportees" FROM "public"."Employee" WHERE 1=1 GROUP BY "public"."Employee"."managerId") AS "aggr_selection_0_Employee" ON ("public"."Employee"."id" = "aggr_selection_0_Employee"."managerId") WHERE "public"."Employee"."isDeleted" = $1 OFFSET $2 — Duration: 141ms
2026-07-18 15:36:33 [debug]: Query: SELECT "public"."User"."id", "public"."User"."email", "public"."User"."role"::text FROM "public"."User" WHERE "public"."User"."id" IN ($1,$2,$3,$4,$5,$6,$7,$8,$9,$10,$11,$12,$13,$14,$15,$16) OFFSET $17 — Duration: 140ms
2026-07-18 15:36:33 [debug]: Query: SELECT "public"."Department"."id", "public"."Department"."name" FROM "public"."Department" WHERE "public"."Department"."id" IN ($1,$2,$3,$4,$5) OFFSET $6 — Duration: 140ms
2026-07-18 15:36:33 [debug]: Query: SELECT "public"."Employee"."id", "public"."Employee"."firstName", "public"."Employee"."lastName" FROM "public"."Employee" WHERE "public"."Employee"."id" IN ($1,$2,$3,$4,$5,$6) OFFSET $7 — Duration: 140ms
2026-07-18 15:36:33 [debug]: Query: SELECT "public"."Employee"."id", "public"."Employee"."managerId" FROM "public"."Employee" WHERE ("public"."Employee"."isDeleted" = $1 AND "public"."Employee"."managerId" IN ($2,$3,$4,$5,$6,$7,$8,$9,$10,$11,$12,$13,$14,$15,$16,$17)) OFFSET $18 — Duration: 139ms
2026-07-18 15:36:33 [info]: GET /api/organization/tree
2026-07-18 15:36:33 [debug]: Query: SELECT "public"."User"."id", "public"."User"."email", "public"."User"."role"::text, "public"."User"."isActive" FROM "public"."User" WHERE ("public"."User"."id" = $1 AND 1=1) LIMIT $2 OFFSET $3 — Duration: 69ms
2026-07-18 15:36:33 [debug]: Query: SELECT "public"."Employee"."id", "public"."Employee"."employeeId", "public"."Employee"."userId", "public"."Employee"."firstName", "public"."Employee"."lastName", "public"."Employee"."phone", "public"."Employee"."designation", "public"."Employee"."salary", "public"."Employee"."joiningDate", "public"."Employee"."status"::text, "public"."Employee"."profileImage", "public"."Employee"."departmentId", "public"."Employee"."managerId", "public"."Employee"."isDeleted", "public"."Employee"."deletedAt", "public"."Employee"."createdAt", "public"."Employee"."updatedAt", COALESCE("aggr_selection_0_Employee"."_aggr_count_reportees", 0) AS "_aggr_count_reportees" FROM "public"."Employee" LEFT JOIN (SELECT "public"."Employee"."managerId", COUNT(*) AS "_aggr_count_reportees" FROM "public"."Employee" WHERE 1=1 GROUP BY "public"."Employee"."managerId") AS "aggr_selection_0_Employee" ON ("public"."Employee"."id" = "aggr_selection_0_Employee"."managerId") WHERE "public"."Employee"."isDeleted" = $1 OFFSET $2 — Duration: 140ms
2026-07-18 15:36:33 [debug]: Query: SELECT "public"."User"."id", "public"."User"."email", "public"."User"."role"::text FROM "public"."User" WHERE "public"."User"."id" IN ($1,$2,$3,$4,$5,$6,$7,$8,$9,$10,$11,$12,$13,$14,$15,$16) OFFSET $17 — Duration: 77ms
2026-07-18 15:36:33 [debug]: Query: SELECT "public"."Department"."id", "public"."Department"."name" FROM "public"."Department" WHERE "public"."Department"."id" IN ($1,$2,$3,$4,$5) OFFSET $6 — Duration: 69ms
2026-07-18 15:36:33 [debug]: Query: SELECT "public"."Employee"."id", "public"."Employee"."firstName", "public"."Employee"."lastName" FROM "public"."Employee" WHERE "public"."Employee"."id" IN ($1,$2,$3,$4,$5,$6) OFFSET $7 — Duration: 70ms
2026-07-18 15:36:33 [debug]: Query: SELECT "public"."Employee"."id", "public"."Employee"."managerId" FROM "public"."Employee" WHERE ("public"."Employee"."isDeleted" = $1 AND "public"."Employee"."managerId" IN ($2,$3,$4,$5,$6,$7,$8,$9,$10,$11,$12,$13,$14,$15,$16,$17)) OFFSET $18 — Duration: 70ms
2026-07-18 15:36:40 [info]: GET /api/employees/ea292c91-42ea-4b03-8948-075720d9b6d5
2026-07-18 15:36:40 [debug]: Query: SELECT "public"."User"."id", "public"."User"."email", "public"."User"."role"::text, "public"."User"."isActive" FROM "public"."User" WHERE ("public"."User"."id" = $1 AND 1=1) LIMIT $2 OFFSET $3 — Duration: 69ms
2026-07-18 15:36:40 [debug]: Query: SELECT "public"."Employee"."id", "public"."Employee"."employeeId", "public"."Employee"."userId", "public"."Employee"."firstName", "public"."Employee"."lastName", "public"."Employee"."phone", "public"."Employee"."designation", "public"."Employee"."salary", "public"."Employee"."joiningDate", "public"."Employee"."status"::text, "public"."Employee"."profileImage", "public"."Employee"."departmentId", "public"."Employee"."managerId", "public"."Employee"."isDeleted", "public"."Employee"."deletedAt", "public"."Employee"."createdAt", "public"."Employee"."updatedAt", COALESCE("aggr_selection_0_Employee"."_aggr_count_reportees", 0) AS "_aggr_count_reportees" FROM "public"."Employee" LEFT JOIN (SELECT "public"."Employee"."managerId", COUNT(*) AS "_aggr_count_reportees" FROM "public"."Employee" WHERE 1=1 GROUP BY "public"."Employee"."managerId") AS "aggr_selection_0_Employee" ON ("public"."Employee"."id" = "aggr_selection_0_Employee"."managerId") WHERE ("public"."Employee"."id" = $1 AND "public"."Employee"."isDeleted" = $2) LIMIT $3 OFFSET $4 — Duration: 143ms
2026-07-18 15:36:40 [debug]: Query: SELECT "public"."User"."id", "public"."User"."email", "public"."User"."role"::text FROM "public"."User" WHERE "public"."User"."id" IN ($1) OFFSET $2 — Duration: 140ms
2026-07-18 15:36:40 [debug]: Query: SELECT "public"."Department"."id", "public"."Department"."name" FROM "public"."Department" WHERE "public"."Department"."id" IN ($1) OFFSET $2 — Duration: 141ms
2026-07-18 15:36:41 [debug]: Query: SELECT "public"."Employee"."id", "public"."Employee"."firstName", "public"."Employee"."lastName" FROM "public"."Employee" WHERE "public"."Employee"."id" IN ($1) OFFSET $2 — Duration: 139ms
2026-07-18 15:36:41 [info]: GET /api/employees/ea292c91-42ea-4b03-8948-075720d9b6d5
2026-07-18 15:36:41 [info]: GET /api/employees/ea292c91-42ea-4b03-8948-075720d9b6d5/reportees
2026-07-18 15:36:41 [debug]: Query: SELECT "public"."User"."id", "public"."User"."email", "public"."User"."role"::text, "public"."User"."isActive" FROM "public"."User" WHERE ("public"."User"."id" = $1 AND 1=1) LIMIT $2 OFFSET $3 — Duration: 69ms
2026-07-18 15:36:41 [debug]: Query: SELECT "public"."Employee"."id", "public"."Employee"."employeeId", "public"."Employee"."userId", "public"."Employee"."firstName", "public"."Employee"."lastName", "public"."Employee"."phone", "public"."Employee"."designation", "public"."Employee"."salary", "public"."Employee"."joiningDate", "public"."Employee"."status"::text, "public"."Employee"."profileImage", "public"."Employee"."departmentId", "public"."Employee"."managerId", "public"."Employee"."isDeleted", "public"."Employee"."deletedAt", "public"."Employee"."createdAt", "public"."Employee"."updatedAt", COALESCE("aggr_selection_0_Employee"."_aggr_count_reportees", 0) AS "_aggr_count_reportees" FROM "public"."Employee" LEFT JOIN (SELECT "public"."Employee"."managerId", COUNT(*) AS "_aggr_count_reportees" FROM "public"."Employee" WHERE 1=1 GROUP BY "public"."Employee"."managerId") AS "aggr_selection_0_Employee" ON ("public"."Employee"."id" = "aggr_selection_0_Employee"."managerId") WHERE ("public"."Employee"."id" = $1 AND "public"."Employee"."isDeleted" = $2) LIMIT $3 OFFSET $4 — Duration: 69ms
2026-07-18 15:36:41 [debug]: Query: SELECT "public"."User"."id", "public"."User"."email", "public"."User"."role"::text FROM "public"."User" WHERE "public"."User"."id" IN ($1) OFFSET $2 — Duration: 69ms
2026-07-18 15:36:41 [debug]: Query: SELECT "public"."Department"."id", "public"."Department"."name" FROM "public"."Department" WHERE "public"."Department"."id" IN ($1) OFFSET $2 — Duration: 70ms
2026-07-18 15:36:41 [debug]: Query: SELECT "public"."Employee"."id", "public"."Employee"."firstName", "public"."Employee"."lastName" FROM "public"."Employee" WHERE "public"."Employee"."id" IN ($1) OFFSET $2 — Duration: 70ms
2026-07-18 15:36:41 [debug]: Query: SELECT "public"."User"."id", "public"."User"."email", "public"."User"."role"::text, "public"."User"."isActive" FROM "public"."User" WHERE ("public"."User"."id" = $1 AND 1=1) LIMIT $2 OFFSET $3 — Duration: 136ms
2026-07-18 15:37:01 [info]: Prisma client initialized
2026-07-18 15:37:01 [info]: 🚀 EMS Server running on http://localhost:5000
2026-07-18 15:37:01 [info]: 📝 Environment: development
2026-07-18 15:37:06 [info]: POST /api/auth/login
2026-07-18 15:37:06 [debug]: Query: SELECT "public"."User"."id", "public"."User"."email", "public"."User"."password", "public"."User"."role"::text, "public"."User"."isActive", "public"."User"."createdAt", "public"."User"."updatedAt" FROM "public"."User" WHERE ("public"."User"."email" = $1 AND 1=1) LIMIT $2 OFFSET $3 — Duration: 147ms
2026-07-18 15:37:07 [debug]: Query: INSERT INTO "public"."RefreshToken" ("id","token","userId","expiresAt","createdAt") VALUES ($1,$2,$3,$4,$5) RETURNING "public"."RefreshToken"."id", "public"."RefreshToken"."token", "public"."RefreshToken"."userId", "public"."RefreshToken"."expiresAt", "public"."RefreshToken"."createdAt" — Duration: 134ms
2026-07-18 15:37:07 [info]: User logged in: amit.joshi@ems.com
2026-07-18 15:37:07 [info]: GET /api/auth/me
2026-07-18 15:37:07 [debug]: Query: SELECT "public"."User"."id", "public"."User"."email", "public"."User"."role"::text, "public"."User"."isActive" FROM "public"."User" WHERE ("public"."User"."id" = $1 AND 1=1) LIMIT $2 OFFSET $3 — Duration: 134ms
2026-07-18 15:37:07 [debug]: Query: SELECT "public"."Employee"."id", "public"."Employee"."employeeId", "public"."Employee"."userId", "public"."Employee"."firstName", "public"."Employee"."lastName", "public"."Employee"."phone", "public"."Employee"."designation", "public"."Employee"."salary", "public"."Employee"."joiningDate", "public"."Employee"."status"::text, "public"."Employee"."profileImage", "public"."Employee"."departmentId", "public"."Employee"."managerId", "public"."Employee"."isDeleted", "public"."Employee"."deletedAt", "public"."Employee"."createdAt", "public"."Employee"."updatedAt", COALESCE("aggr_selection_0_Employee"."_aggr_count_reportees", 0) AS "_aggr_count_reportees" FROM "public"."Employee" LEFT JOIN (SELECT "public"."Employee"."managerId", COUNT(*) AS "_aggr_count_reportees" FROM "public"."Employee" WHERE 1=1 GROUP BY "public"."Employee"."managerId") AS "aggr_selection_0_Employee" ON ("public"."Employee"."id" = "aggr_selection_0_Employee"."managerId") WHERE ("public"."Employee"."userId" = $1 AND "public"."Employee"."isDeleted" = $2) LIMIT $3 OFFSET $4 — Duration: 138ms
2026-07-18 15:37:07 [debug]: Query: SELECT "public"."User"."id", "public"."User"."email", "public"."User"."role"::text FROM "public"."User" WHERE "public"."User"."id" IN ($1) OFFSET $2 — Duration: 141ms
2026-07-18 15:37:08 [debug]: Query: SELECT "public"."Department"."id", "public"."Department"."name" FROM "public"."Department" WHERE "public"."Department"."id" IN ($1) OFFSET $2 — Duration: 139ms
2026-07-18 15:37:08 [debug]: Query: SELECT "public"."Employee"."id", "public"."Employee"."firstName", "public"."Employee"."lastName" FROM "public"."Employee" WHERE "public"."Employee"."id" IN ($1) OFFSET $2 — Duration: 135ms
2026-07-18 15:37:08 [info]: GET /api/dashboard/stats
2026-07-18 15:37:08 [debug]: Query: SELECT "public"."User"."id", "public"."User"."email", "public"."User"."role"::text, "public"."User"."isActive" FROM "public"."User" WHERE ("public"."User"."id" = $1 AND 1=1) LIMIT $2 OFFSET $3 — Duration: 67ms
2026-07-18 15:37:08 [warn]: Operational error: Insufficient permissions: canViewDashboard not allowed for role EMPLOYEE
2026-07-18 15:37:08 [info]: GET /api/dashboard/stats
2026-07-18 15:37:08 [debug]: Query: SELECT "public"."User"."id", "public"."User"."email", "public"."User"."role"::text, "public"."User"."isActive" FROM "public"."User" WHERE ("public"."User"."id" = $1 AND 1=1) LIMIT $2 OFFSET $3 — Duration: 66ms
2026-07-18 15:37:08 [warn]: Operational error: Insufficient permissions: canViewDashboard not allowed for role EMPLOYEE
